Using pre-set license
Built from '2020.3/staging' branch; Version is '2020.3.30f1 (1fb1bf06830e) revision 2077119'; Using compiler version '192528614'; Build Type 'Release'
OS: 'Windows 10  (10.0.19044) 64bit Core' Language: 'ko' Physical Memory: 16183 MB
BatchMode: 1, IsHumanControllingUs: 0, StartBugReporterOnCrash: 0, Is64bit: 1, IsPro: 0

COMMAND LINE ARGUMENTS:
C:\Program Files\Unity\Hub\Editor\2020.3.30f1\Editor\Unity.exe
-adb2
-batchMode
-noUpm
-name
AssetImportWorker0
-projectPath
C:/Users/jsyoo/OneDrive/문서/GitHub/CapstoneDesign/Client/Capstone Project
-logFile
Logs/AssetImportWorker0.log
-srvPort
61020
Successfully changed project path to: C:/Users/jsyoo/OneDrive/문서/GitHub/CapstoneDesign/Client/Capstone Project
C:/Users/jsyoo/OneDrive/문서/GitHub/CapstoneDesign/Client/Capstone Project
Using Asset Import Pipeline V2.
Refreshing native plugins compatible for Editor in 210.22 ms, found 4 plugins.
Preloading 0 native plugins for Editor in 0.00 ms.
Initialize engine version: 2020.3.30f1 (1fb1bf06830e)
[Subsystems] Discovering subsystems at path C:/Program Files/Unity/Hub/Editor/2020.3.30f1/Editor/Data/Resources/UnitySubsystems
[Subsystems] Discovering subsystems at path C:/Users/jsyoo/OneDrive/문서/GitHub/CapstoneDesign/Client/Capstone Project/Assets
GfxDevice: creating device client; threaded=0
Direct3D:
    Version:  Direct3D 11.0 [level 11.1]
    Renderer: NVIDIA GeForce MX450 (ID=0x1f97)
    Vendor:   
    VRAM:     1928 MB
    Driver:   30.0.15.1215
Initialize mono
Mono path[0] = 'C:/Program Files/Unity/Hub/Editor/2020.3.30f1/Editor/Data/Managed'
Mono path[1] = 'C:/Program Files/Unity/Hub/Editor/2020.3.30f1/Editor/Data/MonoBleedingEdge/lib/mono/unityjit'
Mono config path = 'C:/Program Files/Unity/Hub/Editor/2020.3.30f1/Editor/Data/MonoBleedingEdge/etc'
Using monoOptions --debugger-agent=transport=dt_socket,embedding=1,server=y,suspend=n,address=127.0.0.1:56048
Begin MonoManager ReloadAssembly
Registering precompiled unity dll's ...
Register platform support module: C:/Program Files/Unity/Hub/Editor/2020.3.30f1/Editor/Data/PlaybackEngines/WindowsStandaloneSupport/UnityEditor.WindowsStandalone.Extensions.dll
Registered in 0.007462 seconds.
Native extension for WindowsStandalone target not found
Refreshing native plugins compatible for Editor in 123.94 ms, found 4 plugins.
Preloading 0 native plugins for Editor in 0.00 ms.
Mono: successfully reloaded assembly
- Completed reload, in  1.262 seconds
Domain Reload Profiling:
	ReloadAssembly (1262ms)
		BeginReloadAssembly (147ms)
			ExecutionOrderSort (0ms)
			DisableScriptedObjects (0ms)
			BackupInstance (0ms)
			ReleaseScriptingObjects (0ms)
			CreateAndSetChildDomain (1ms)
		EndReloadAssembly (942ms)
			LoadAssemblies (145ms)
			RebuildTransferFunctionScriptingTraits (0ms)
			SetupTypeCache (278ms)
			ReleaseScriptCaches (0ms)
			RebuildScriptCaches (57ms)
			SetupLoadedEditorAssemblies (367ms)
				LogAssemblyErrors (0ms)
				InitializePlatformSupportModulesInManaged (10ms)
				SetLoadedEditorAssemblies (0ms)
				RefreshPlugins (124ms)
				BeforeProcessingInitializeOnLoad (31ms)
				ProcessInitializeOnLoadAttributes (152ms)
				ProcessInitializeOnLoadMethodAttributes (50ms)
				AfterProcessingInitializeOnLoad (0ms)
				EditorAssembliesLoaded (0ms)
			ExecutionOrderSort2 (0ms)
			AwakeInstancesAfterBackupRestoration (0ms)
Platform modules already initialized, skipping
Registering precompiled user dll's ...
Registered in 0.034225 seconds.
Begin MonoManager ReloadAssembly
Native extension for WindowsStandalone target not found
Refreshing native plugins compatible for Editor in 2.34 ms, found 4 plugins.
Preloading 0 native plugins for Editor in 0.00 ms.
GPGSUpgrader start
UnityEngine.StackTraceUtility:ExtractStackTrace ()
UnityEngine.DebugLogHandler:LogFormat (UnityEngine.LogType,UnityEngine.Object,string,object[])
UnityEngine.Logger:Log (UnityEngine.LogType,object)
UnityEngine.Debug:Log (object)
GooglePlayGames.Editor.GPGSUpgrader:.cctor () (at Assets/GooglePlayGames/Editor/GPGSUpgrader.cs:38)
System.Runtime.CompilerServices.RuntimeHelpers:RunClassConstructor (System.RuntimeTypeHandle)
UnityEditor.EditorAssemblies:ProcessInitializeOnLoadAttributes (System.Type[])

(Filename: Assets/GooglePlayGames/Editor/GPGSUpgrader.cs Line: 38)

GPGSUpgrader done
UnityEngine.StackTraceUtility:ExtractStackTrace ()
UnityEngine.DebugLogHandler:LogFormat (UnityEngine.LogType,UnityEngine.Object,string,object[])
UnityEngine.Logger:Log (UnityEngine.LogType,object)
UnityEngine.Debug:Log (object)
GooglePlayGames.Editor.GPGSUpgrader:.cctor () (at Assets/GooglePlayGames/Editor/GPGSUpgrader.cs:57)
System.Runtime.CompilerServices.RuntimeHelpers:RunClassConstructor (System.RuntimeTypeHandle)
UnityEditor.EditorAssemblies:ProcessInitializeOnLoadAttributes (System.Type[])

(Filename: Assets/GooglePlayGames/Editor/GPGSUpgrader.cs Line: 57)

Mono: successfully reloaded assembly
- Completed reload, in  2.356 seconds
Domain Reload Profiling:
	ReloadAssembly (2358ms)
		BeginReloadAssembly (326ms)
			ExecutionOrderSort (0ms)
			DisableScriptedObjects (9ms)
			BackupInstance (0ms)
			ReleaseScriptingObjects (0ms)
			CreateAndSetChildDomain (32ms)
		EndReloadAssembly (1868ms)
			LoadAssemblies (257ms)
			RebuildTransferFunctionScriptingTraits (0ms)
			SetupTypeCache (568ms)
			ReleaseScriptCaches (1ms)
			RebuildScriptCaches (77ms)
			SetupLoadedEditorAssemblies (794ms)
				LogAssemblyErrors (0ms)
				InitializePlatformSupportModulesInManaged (10ms)
				SetLoadedEditorAssemblies (1ms)
				RefreshPlugins (2ms)
				BeforeProcessingInitializeOnLoad (179ms)
				ProcessInitializeOnLoadAttributes (554ms)
				ProcessInitializeOnLoadMethodAttributes (21ms)
				AfterProcessingInitializeOnLoad (26ms)
				EditorAssembliesLoaded (1ms)
			ExecutionOrderSort2 (0ms)
			AwakeInstancesAfterBackupRestoration (11ms)
Platform modules already initialized, skipping
========================================================================
Worker process is ready to serve import requests
Launched and connected shader compiler UnityShaderCompiler.exe after 0.08 seconds
Refreshing native plugins compatible for Editor in 1.06 ms, found 4 plugins.
Preloading 0 native plugins for Editor in 0.00 ms.
Unloading 1892 Unused Serialized files (Serialized files now loaded: 0)
System memory in use before: 86.9 MB.
System memory in use after: 87.0 MB.

Unloading 113 unused Assets to reduce memory usage. Loaded Objects now: 2243.
Total: 3.509500 ms (FindLiveObjects: 0.153100 ms CreateObjectMapping: 0.064400 ms MarkObjects: 3.168900 ms  DeleteObjects: 0.121400 ms)

AssetImportParameters requested are different than current active one (requested -> active):
  custom:framework-win-MediaFoundation: 216162199b28c13a410421893ffa2e32 -> 
  custom:video-decoder-ogg-theora: a1e56fd34408186e4bbccfd4996cb3dc -> 
  custom:container-muxer-webm: aa71ff27fc2769a1b78a27578f13a17b -> 
  custom:container-demuxer-webm: 4f35f7cbe854078d1ac9338744f61a02 -> 
  custom:container-demuxer-ogg: 62fdf1f143b41e24485cea50d1cbac27 -> 
  custom:video-encoder-webm-vp8: eb34c28f22e8b96e1ab97ce403110664 -> 
  custom:video-codec-MediaFoundation-h265: 746d11721c4dcdbdad8f713fa42b33f4 -> 
  custom:video-decoder-webm-vp8: 9c59270c3fd7afecdb556c50c9e8de78 -> 
  custom:audio-decoder-ogg-vorbis: bf7c407c2cedff20999df2af8eb42d56 -> 
  custom:audio-encoder-webm-vorbis: bf7c407c2cedff20999df2af8eb42d56 -> 
========================================================================
Received Import Request.
  path: Assets/ScreenshotUtility/Editor/sc.utilities.screenshot.editor.asmdef
  artifactKey: Guid(6bf3f4a8ecb0d4b45b7de388636b6676) Importer(815301076,1909f56bfc062723c751e8b465ee728b)
Start importing Assets/ScreenshotUtility/Editor/sc.utilities.screenshot.editor.asmdef using Guid(6bf3f4a8ecb0d4b45b7de388636b6676) Importer(815301076,1909f56bfc062723c751e8b465ee728b)  -> (artifact id: '7b84094b9fc9a4835569a4c6d79af46f') in 0.037265 seconds 
========================================================================
Received Import Request.
  Time since last request: 0.000423 seconds.
  path: Assets/ScreenshotUtility/Editor
  artifactKey: Guid(0325a6595b76de84a8cc264bc09c2ba3) Importer(815301076,1909f56bfc062723c751e8b465ee728b)
Start importing Assets/ScreenshotUtility/Editor using Guid(0325a6595b76de84a8cc264bc09c2ba3) Importer(815301076,1909f56bfc062723c751e8b465ee728b)  -> (artifact id: 'a003cd515dd351fab610fb610851f524') in 0.003867 seconds 
========================================================================
Received Import Request.
  Time since last request: 5.953853 seconds.
  path: Assets/ScreenshotUtility/Editor/ScreenshotUtility.cs
  artifactKey: Guid(968fd279e77f36b49bb9809f97314077) Importer(815301076,1909f56bfc062723c751e8b465ee728b)
Start importing Assets/ScreenshotUtility/Editor/ScreenshotUtility.cs using Guid(968fd279e77f36b49bb9809f97314077) Importer(815301076,1909f56bfc062723c751e8b465ee728b)  -> (artifact id: 'f62502a35159f8941de573613f8fffad') in 0.006788 seconds 
========================================================================
Received Import Request.
  Time since last request: 41.286980 seconds.
  path: Assets/ScreenshotUtility/changelog.md
  artifactKey: Guid(f9db52175bdc59e4897d8c7efb0f7dad) Importer(815301076,1909f56bfc062723c751e8b465ee728b)
Start importing Assets/ScreenshotUtility/changelog.md using Guid(f9db52175bdc59e4897d8c7efb0f7dad) Importer(815301076,1909f56bfc062723c751e8b465ee728b)  -> (artifact id: '154be7750361740e318cb8ba1ac53b94') in 0.023583 seconds 
========================================================================
Received Import Request.
  Time since last request: 260.420283 seconds.
  path: Assets/ScreenshotUtility/package.json
  artifactKey: Guid(92f2f00d3df41574795ca24e7ba1e7d8) Importer(815301076,1909f56bfc062723c751e8b465ee728b)
Start importing Assets/ScreenshotUtility/package.json using Guid(92f2f00d3df41574795ca24e7ba1e7d8) Importer(815301076,1909f56bfc062723c751e8b465ee728b)  -> (artifact id: '30bb346f5c8320c65ab3cf5b441b3083') in 0.010333 seconds 
========================================================================
Received Import Request.
  Time since last request: 0.922588 seconds.
  path: Assets/ScreenshotUtility/readme.md
  artifactKey: Guid(d683ff88ff7e59c46b34e3f641cfe9a5) Importer(815301076,1909f56bfc062723c751e8b465ee728b)
Start importing Assets/ScreenshotUtility/readme.md using Guid(d683ff88ff7e59c46b34e3f641cfe9a5) Importer(815301076,1909f56bfc062723c751e8b465ee728b)  -> (artifact id: 'c06524c7280b6054d066ffcec81c8de1') in 0.005900 seconds 
========================================================================
Received Import Request.
  Time since last request: 1437.077740 seconds.
  path: Assets/Scripts/ChangeScene.cs
  artifactKey: Guid(60e36eef06ca6814cbad5f10b11d1c0b) Importer(815301076,1909f56bfc062723c751e8b465ee728b)
Start importing Assets/Scripts/ChangeScene.cs using Guid(60e36eef06ca6814cbad5f10b11d1c0b) Importer(815301076,1909f56bfc062723c751e8b465ee728b)  -> (artifact id: '5873b22cca47eed18d3b75cb401b6071') in 0.005827 seconds 
========================================================================
Received Prepare
Registering precompiled user dll's ...
Registered in 0.030937 seconds.
Begin MonoManager ReloadAssembly
Native extension for WindowsStandalone target not found
Refreshing native plugins compatible for Editor in 2.36 ms, found 4 plugins.
Preloading 0 native plugins for Editor in 0.00 ms.
GPGSUpgrader start
UnityEngine.StackTraceUtility:ExtractStackTrace ()
UnityEngine.DebugLogHandler:LogFormat (UnityEngine.LogType,UnityEngine.Object,string,object[])
UnityEngine.Logger:Log (UnityEngine.LogType,object)
UnityEngine.Debug:Log (object)
GooglePlayGames.Editor.GPGSUpgrader:.cctor () (at Assets/GooglePlayGames/Editor/GPGSUpgrader.cs:38)
System.Runtime.CompilerServices.RuntimeHelpers:RunClassConstructor (System.RuntimeTypeHandle)
UnityEditor.EditorAssemblies:ProcessInitializeOnLoadAttributes (System.Type[])

(Filename: Assets/GooglePlayGames/Editor/GPGSUpgrader.cs Line: 38)

GPGSUpgrader done
UnityEngine.StackTraceUtility:ExtractStackTrace ()
UnityEngine.DebugLogHandler:LogFormat (UnityEngine.LogType,UnityEngine.Object,string,object[])
UnityEngine.Logger:Log (UnityEngine.LogType,object)
UnityEngine.Debug:Log (object)
GooglePlayGames.Editor.GPGSUpgrader:.cctor () (at Assets/GooglePlayGames/Editor/GPGSUpgrader.cs:57)
System.Runtime.CompilerServices.RuntimeHelpers:RunClassConstructor (System.RuntimeTypeHandle)
UnityEditor.EditorAssemblies:ProcessInitializeOnLoadAttributes (System.Type[])

(Filename: Assets/GooglePlayGames/Editor/GPGSUpgrader.cs Line: 57)

Mono: successfully reloaded assembly
- Completed reload, in  2.539 seconds
Domain Reload Profiling:
	ReloadAssembly (2539ms)
		BeginReloadAssembly (244ms)
			ExecutionOrderSort (0ms)
			DisableScriptedObjects (5ms)
			BackupInstance (0ms)
			ReleaseScriptingObjects (0ms)
			CreateAndSetChildDomain (58ms)
		EndReloadAssembly (2123ms)
			LoadAssemblies (245ms)
			RebuildTransferFunctionScriptingTraits (0ms)
			SetupTypeCache (533ms)
			ReleaseScriptCaches (1ms)
			RebuildScriptCaches (76ms)
			SetupLoadedEditorAssemblies (1041ms)
				LogAssemblyErrors (0ms)
				InitializePlatformSupportModulesInManaged (9ms)
				SetLoadedEditorAssemblies (1ms)
				RefreshPlugins (3ms)
				BeforeProcessingInitializeOnLoad (187ms)
				ProcessInitializeOnLoadAttributes (795ms)
				ProcessInitializeOnLoadMethodAttributes (16ms)
				AfterProcessingInitializeOnLoad (29ms)
				EditorAssembliesLoaded (1ms)
			ExecutionOrderSort2 (0ms)
			AwakeInstancesAfterBackupRestoration (13ms)
Platform modules already initialized, skipping
Switching build target platform(19) subTarget(0) extendedPlatform(0) -> platform(13) subTarget(537395200) extendedPlatform(0)
Refreshing native plugins compatible for Editor in 2.16 ms, found 4 plugins.
Preloading 0 native plugins for Editor in 0.00 ms.
Unloading 1943 Unused Serialized files (Serialized files now loaded: 0)
System memory in use before: 88.1 MB.
System memory in use after: 88.3 MB.

Unloading 237 unused Assets to reduce memory usage. Loaded Objects now: 2245.
Total: 5.752900 ms (FindLiveObjects: 0.184700 ms CreateObjectMapping: 0.087400 ms MarkObjects: 5.349600 ms  DeleteObjects: 0.129500 ms)

AssetImportParameters requested are different than current active one (requested -> active):
  custom:framework-win-MediaFoundation: 216162199b28c13a410421893ffa2e32 -> 
  custom:video-decoder-ogg-theora: a1e56fd34408186e4bbccfd4996cb3dc -> 
  custom:container-muxer-webm: aa71ff27fc2769a1b78a27578f13a17b -> 
  custom:container-demuxer-webm: 4f35f7cbe854078d1ac9338744f61a02 -> 
  custom:container-demuxer-ogg: 62fdf1f143b41e24485cea50d1cbac27 -> 
  custom:video-encoder-webm-vp8: eb34c28f22e8b96e1ab97ce403110664 -> 
  custom:video-codec-MediaFoundation-h265: 746d11721c4dcdbdad8f713fa42b33f4 -> 
  custom:video-decoder-webm-vp8: 9c59270c3fd7afecdb556c50c9e8de78 -> 
  custom:graphics/normal-map-encoding: 01000000000000000000000000000000 -> 02000000000000000000000000000000
  custom:audio-decoder-ogg-vorbis: bf7c407c2cedff20999df2af8eb42d56 -> 
  custom:audio-encoder-webm-vorbis: bf7c407c2cedff20999df2af8eb42d56 -> 
========================================================================
Received Import Request.
  Time since last request: 215.103106 seconds.
  path: Assets/Scenes/(기초, if문, 반복문) 선택/BasicChoice.unity
  artifactKey: Guid(a1ae175516c664d4880376f9b6762ab6) Importer(815301076,1909f56bfc062723c751e8b465ee728b)
Start importing Assets/Scenes/(기초, if문, 반복문) 선택/BasicChoice.unity using Guid(a1ae175516c664d4880376f9b6762ab6) Importer(815301076,1909f56bfc062723c751e8b465ee728b)  -> (artifact id: 'c0bf704812a360af14cea74f216b5c91') in 0.028878 seconds 
========================================================================
Received Prepare
Registering precompiled user dll's ...
Registered in 0.026779 seconds.
Begin MonoManager ReloadAssembly
Native extension for WindowsStandalone target not found
Refreshing native plugins compatible for Editor in 2.18 ms, found 4 plugins.
Preloading 0 native plugins for Editor in 0.00 ms.
GPGSUpgrader start
UnityEngine.StackTraceUtility:ExtractStackTrace ()
UnityEngine.DebugLogHandler:LogFormat (UnityEngine.LogType,UnityEngine.Object,string,object[])
UnityEngine.Logger:Log (UnityEngine.LogType,object)
UnityEngine.Debug:Log (object)
GooglePlayGames.Editor.GPGSUpgrader:.cctor () (at Assets/GooglePlayGames/Editor/GPGSUpgrader.cs:38)
System.Runtime.CompilerServices.RuntimeHelpers:RunClassConstructor (System.RuntimeTypeHandle)
UnityEditor.EditorAssemblies:ProcessInitializeOnLoadAttributes (System.Type[])

(Filename: Assets/GooglePlayGames/Editor/GPGSUpgrader.cs Line: 38)

GPGSUpgrader done
UnityEngine.StackTraceUtility:ExtractStackTrace ()
UnityEngine.DebugLogHandler:LogFormat (UnityEngine.LogType,UnityEngine.Object,string,object[])
UnityEngine.Logger:Log (UnityEngine.LogType,object)
UnityEngine.Debug:Log (object)
GooglePlayGames.Editor.GPGSUpgrader:.cctor () (at Assets/GooglePlayGames/Editor/GPGSUpgrader.cs:57)
System.Runtime.CompilerServices.RuntimeHelpers:RunClassConstructor (System.RuntimeTypeHandle)
UnityEditor.EditorAssemblies:ProcessInitializeOnLoadAttributes (System.Type[])

(Filename: Assets/GooglePlayGames/Editor/GPGSUpgrader.cs Line: 57)

Mono: successfully reloaded assembly
- Completed reload, in  2.454 seconds
Domain Reload Profiling:
	ReloadAssembly (2455ms)
		BeginReloadAssembly (242ms)
			ExecutionOrderSort (0ms)
			DisableScriptedObjects (8ms)
			BackupInstance (0ms)
			ReleaseScriptingObjects (0ms)
			CreateAndSetChildDomain (56ms)
		EndReloadAssembly (2054ms)
			LoadAssemblies (236ms)
			RebuildTransferFunctionScriptingTraits (0ms)
			SetupTypeCache (500ms)
			ReleaseScriptCaches (1ms)
			RebuildScriptCaches (68ms)
			SetupLoadedEditorAssemblies (1013ms)
				LogAssemblyErrors (0ms)
				InitializePlatformSupportModulesInManaged (9ms)
				SetLoadedEditorAssemblies (1ms)
				RefreshPlugins (2ms)
				BeforeProcessingInitializeOnLoad (186ms)
				ProcessInitializeOnLoadAttributes (771ms)
				ProcessInitializeOnLoadMethodAttributes (16ms)
				AfterProcessingInitializeOnLoad (28ms)
				EditorAssembliesLoaded (1ms)
			ExecutionOrderSort2 (0ms)
			AwakeInstancesAfterBackupRestoration (12ms)
Platform modules already initialized, skipping
Switching build target platform(19) subTarget(0) extendedPlatform(0) -> platform(13) subTarget(537395200) extendedPlatform(0)
Refreshing native plugins compatible for Editor in 2.28 ms, found 4 plugins.
Preloading 0 native plugins for Editor in 0.00 ms.
Unloading 1943 Unused Serialized files (Serialized files now loaded: 0)
System memory in use before: 88.2 MB.
System memory in use after: 88.3 MB.

Unloading 237 unused Assets to reduce memory usage. Loaded Objects now: 2247.
Total: 5.167200 ms (FindLiveObjects: 0.198500 ms CreateObjectMapping: 0.091100 ms MarkObjects: 4.755000 ms  DeleteObjects: 0.120700 ms)

AssetImportParameters requested are different than current active one (requested -> active):
  custom:framework-win-MediaFoundation: 216162199b28c13a410421893ffa2e32 -> 
  custom:video-decoder-ogg-theora: a1e56fd34408186e4bbccfd4996cb3dc -> 
  custom:container-muxer-webm: aa71ff27fc2769a1b78a27578f13a17b -> 
  custom:container-demuxer-webm: 4f35f7cbe854078d1ac9338744f61a02 -> 
  custom:container-demuxer-ogg: 62fdf1f143b41e24485cea50d1cbac27 -> 
  custom:video-encoder-webm-vp8: eb34c28f22e8b96e1ab97ce403110664 -> 
  custom:video-codec-MediaFoundation-h265: 746d11721c4dcdbdad8f713fa42b33f4 -> 
  custom:video-decoder-webm-vp8: 9c59270c3fd7afecdb556c50c9e8de78 -> 
  custom:graphics/normal-map-encoding: 01000000000000000000000000000000 -> 02000000000000000000000000000000
  custom:audio-decoder-ogg-vorbis: bf7c407c2cedff20999df2af8eb42d56 -> 
  custom:audio-encoder-webm-vorbis: bf7c407c2cedff20999df2af8eb42d56 -> 
========================================================================
Received Import Request.
  Time since last request: 224.494980 seconds.
  path: Assets/Scenes/(기초, if문, 반복문) 선택/BasicChoice.unity
  artifactKey: Guid(a1ae175516c664d4880376f9b6762ab6) Importer(815301076,1909f56bfc062723c751e8b465ee728b)
Start importing Assets/Scenes/(기초, if문, 반복문) 선택/BasicChoice.unity using Guid(a1ae175516c664d4880376f9b6762ab6) Importer(815301076,1909f56bfc062723c751e8b465ee728b)  -> (artifact id: 'd5371ae7e63ca6d6f649477565c1d461') in 0.019647 seconds 
========================================================================
Received Import Request.
  Time since last request: 3.356899 seconds.
  path: Assets/Scenes/(기초, if문, 반복문) 선택/ConditionChoice.unity
  artifactKey: Guid(2594e27e5d2c8aa4d94c988e41480c92) Importer(815301076,1909f56bfc062723c751e8b465ee728b)
Start importing Assets/Scenes/(기초, if문, 반복문) 선택/ConditionChoice.unity using Guid(2594e27e5d2c8aa4d94c988e41480c92) Importer(815301076,1909f56bfc062723c751e8b465ee728b)  -> (artifact id: '3d7db18d0195bee44db42f8317c09e57') in 0.005298 seconds 
========================================================================
Received Import Request.
  Time since last request: 303.702537 seconds.
  path: Assets/Scenes/(기초, if문, 반복문) 선택/LoopChoice.unity
  artifactKey: Guid(18c1b9098e28d544d87cb3ce753aa29e) Importer(815301076,1909f56bfc062723c751e8b465ee728b)
Start importing Assets/Scenes/(기초, if문, 반복문) 선택/LoopChoice.unity using Guid(18c1b9098e28d544d87cb3ce753aa29e) Importer(815301076,1909f56bfc062723c751e8b465ee728b)  -> (artifact id: '913528d7ee51e3194c829bf9f88190c9') in 0.005764 seconds 
========================================================================
Received Import Request.
  Time since last request: 476.447154 seconds.
  path: Assets/Scenes/(기초, if문, 반복문) 선택/ConditionChoice.unity
  artifactKey: Guid(2594e27e5d2c8aa4d94c988e41480c92) Importer(815301076,1909f56bfc062723c751e8b465ee728b)
Start importing Assets/Scenes/(기초, if문, 반복문) 선택/ConditionChoice.unity using Guid(2594e27e5d2c8aa4d94c988e41480c92) Importer(815301076,1909f56bfc062723c751e8b465ee728b)  -> (artifact id: '13d202d58dd9cc92b13c8f8ed8648310') in 0.006192 seconds 
AssetImportWorkerClient::OnTransportError - code=2 error=End of file
